2023-05-13 17:23:21,064 [Worker-8: Loading available Gradle versions] INFO  o.e.b.c.i.u.g.PublishedGradleVersions - Gradle version information cache is up-to-date. Trying to read.
2023-05-13 17:27:51,338 [Worker-6: Loading available Gradle versions] INFO  o.e.b.c.i.u.g.PublishedGradleVersions - Gradle version information cache is up-to-date. Trying to read.
2023-05-13 17:28:05,306 [Worker-2: Importing Maven projects] INFO  o.e.m.c.i.l.LifecycleMappingFactory - Using org.eclipse.m2e.jdt.JarLifecycleMapping lifecycle mapping for MavenProject: com.dsousa:minhasfinancas:0.0.1-SNAPSHOT @ C:\Users\Ismael\Desktop\Projeto Financas\minhasfinancas-api\pom.xml.
2023-05-13 17:28:07,585 [Worker-2: Importing Maven projects] INFO  o.e.m.j.i.AbstractJavaProjectConfigurator - Adding source folder /minhasfinancas-api/src/main/java
2023-05-13 17:28:07,587 [Worker-2: Importing Maven projects] INFO  o.e.m.j.i.AbstractJavaProjectConfigurator - Adding resource folder /minhasfinancas-api/src/main/resources
2023-05-13 17:28:07,588 [Worker-2: Importing Maven projects] INFO  o.e.m.j.i.AbstractJavaProjectConfigurator - Adding resource folder /minhasfinancas-api/src/main/resources
2023-05-13 17:28:07,589 [Worker-2: Importing Maven projects] INFO  o.e.m.j.i.AbstractJavaProjectConfigurator - Adding source folder /minhasfinancas-api/src/test/java
2023-05-13 17:28:08,297 [Worker-2: Importing Maven projects] INFO  o.e.m.c.i.p.ProjectConfigurationManager - Imported and configured 1 project(s) in 5 sec
2023-05-13 17:31:06,567 [Worker-7: Loading available Gradle versions] INFO  o.e.b.c.i.u.g.PublishedGradleVersions - Gradle version information cache is up-to-date. Trying to read.
2023-05-13 17:31:30,080 [Worker-13: Importing Maven projects] INFO  o.e.m.c.i.l.LifecycleMappingFactory - Using org.eclipse.m2e.jdt.JarLifecycleMapping lifecycle mapping for MavenProject: com.dsantos:minhasfinancas:0.0.1-SNAPSHOT @ C:\Users\Ismael\Desktop\Projeto Financas\Minhasfinancas\pom.xml.
2023-05-13 17:31:31,585 [Worker-13: Importing Maven projects] INFO  o.e.m.j.i.AbstractJavaProjectConfigurator - Adding source folder /Minhasfinancas/src/main/java
2023-05-13 17:31:31,585 [Worker-13: Importing Maven projects] INFO  o.e.m.j.i.AbstractJavaProjectConfigurator - Adding resource folder /Minhasfinancas/src/main/resources
2023-05-13 17:31:31,592 [Worker-13: Importing Maven projects] INFO  o.e.m.j.i.AbstractJavaProjectConfigurator - Adding resource folder /Minhasfinancas/src/main/resources
2023-05-13 17:31:31,597 [Worker-13: Importing Maven projects] INFO  o.e.m.j.i.AbstractJavaProjectConfigurator - Adding source folder /Minhasfinancas/src/test/java
2023-05-13 17:31:32,759 [Worker-13: Importing Maven projects] INFO  o.e.m.c.i.p.ProjectConfigurationManager - Imported and configured 1 project(s) in 3 sec
2023-05-13 17:32:19,672 [Worker-11: Building] INFO  o.e.m.c.i.l.LifecycleMappingFactory - Using org.eclipse.m2e.jdt.JarLifecycleMapping lifecycle mapping for MavenProject: com.dsantos:minhasfinancas:0.0.1-SNAPSHOT @ C:\Users\Ismael\Desktop\Projeto Financas\Minhasfinancas\pom.xml.
2023-05-13 17:32:20,706 [Worker-11: Building] INFO  o.e.m.c.i.embedder.EclipseLogger - Using 'UTF-8' encoding to copy filtered resources.
2023-05-13 17:32:20,709 [Worker-11: Building] INFO  o.e.m.c.i.embedder.EclipseLogger - Copying 0 resource
2023-05-13 17:32:20,709 [Worker-11: Building] INFO  o.e.m.c.i.embedder.EclipseLogger - Copying 0 resource
2023-05-13 17:32:20,715 [Worker-11: Building] INFO  o.e.m.c.i.embedder.EclipseLogger - Using 'UTF-8' encoding to copy filtered resources.
2023-05-13 17:32:20,715 [Worker-11: Building] INFO  o.e.m.c.i.embedder.EclipseLogger - skip non existing resourceDirectory C:\Users\Ismael\Desktop\Projeto Financas\Minhasfinancas\src\test\resources
2023-05-13 17:32:22,427 [Worker-2: Building] INFO  o.e.m.c.i.embedder.EclipseLogger - Using 'UTF-8' encoding to copy filtered resources.
2023-05-13 17:32:22,432 [Worker-2: Building] INFO  o.e.m.c.i.embedder.EclipseLogger - Copying 2 resources
2023-05-13 17:32:22,451 [Worker-2: Building] INFO  o.e.m.c.i.embedder.EclipseLogger - Copying 0 resource
2023-05-13 17:32:22,456 [Worker-2: Building] INFO  o.e.m.c.i.embedder.EclipseLogger - Using 'UTF-8' encoding to copy filtered resources.
2023-05-13 17:32:22,456 [Worker-2: Building] INFO  o.e.m.c.i.embedder.EclipseLogger - skip non existing resourceDirectory C:\Users\Ismael\Desktop\Projeto Financas\Minhasfinancas\src\test\resources
2023-05-13 17:32:24,149 [Worker-9: Building] INFO  o.e.m.c.i.embedder.EclipseLogger - Using 'UTF-8' encoding to copy filtered resources.
2023-05-13 17:32:24,150 [Worker-9: Building] INFO  o.e.m.c.i.embedder.EclipseLogger - Copying 2 resources
2023-05-13 17:32:24,155 [Worker-9: Building] INFO  o.e.m.c.i.embedder.EclipseLogger - Copying 0 resource
2023-05-13 17:32:24,159 [Worker-9: Building] INFO  o.e.m.c.i.embedder.EclipseLogger - Using 'UTF-8' encoding to copy filtered resources.
2023-05-13 17:32:24,160 [Worker-9: Building] INFO  o.e.m.c.i.embedder.EclipseLogger - skip non existing resourceDirectory C:\Users\Ismael\Desktop\Projeto Financas\Minhasfinancas\src\test\resources
2023-05-13 17:32:25,793 [Worker-8: Building] INFO  o.e.m.c.i.embedder.EclipseLogger - Using 'UTF-8' encoding to copy filtered resources.
2023-05-13 17:32:25,795 [Worker-8: Building] INFO  o.e.m.c.i.embedder.EclipseLogger - Copying 1 resource
2023-05-13 17:32:25,798 [Worker-8: Building] INFO  o.e.m.c.i.embedder.EclipseLogger - Copying 0 resource
2023-05-13 17:32:25,802 [Worker-8: Building] INFO  o.e.m.c.i.embedder.EclipseLogger - Using 'UTF-8' encoding to copy filtered resources.
2023-05-13 17:32:25,803 [Worker-8: Building] INFO  o.e.m.c.i.embedder.EclipseLogger - skip non existing resourceDirectory C:\Users\Ismael\Desktop\Projeto Financas\Minhasfinancas\src\test\resources
2023-05-13 17:32:48,691 [Worker-4: Updating Maven Project] INFO  o.e.m.c.i.p.ProjectConfigurationManager - Update started
2023-05-13 17:32:48,966 [Worker-4: Updating Maven Project] INFO  o.e.m.c.i.l.LifecycleMappingFactory - Using org.eclipse.m2e.jdt.JarLifecycleMapping lifecycle mapping for MavenProject: com.dsantos:minhasfinancas:0.0.1-SNAPSHOT @ C:\Users\Ismael\Desktop\Projeto Financas\Minhasfinancas\pom.xml.
2023-05-13 17:32:49,832 [Worker-4: Updating Maven Project] INFO  o.e.m.j.i.AbstractJavaProjectConfigurator - Adding source folder /Minhasfinancas/src/main/java
2023-05-13 17:32:49,833 [Worker-4: Updating Maven Project] INFO  o.e.m.j.i.AbstractJavaProjectConfigurator - Adding resource folder /Minhasfinancas/src/main/resources
2023-05-13 17:32:49,833 [Worker-4: Updating Maven Project] INFO  o.e.m.j.i.AbstractJavaProjectConfigurator - Adding resource folder /Minhasfinancas/src/main/resources
2023-05-13 17:32:49,834 [Worker-4: Updating Maven Project] INFO  o.e.m.j.i.AbstractJavaProjectConfigurator - Adding source folder /Minhasfinancas/src/test/java
2023-05-13 17:32:50,723 [Worker-4: Updating Maven Project] INFO  o.e.m.c.i.p.ProjectConfigurationManager - Update completed for 1 poms: local refresh takes 0,00 sec, refresh facades takes 1,00 sec, update config takes 0,00 sec 
2023-05-13 17:33:13,991 [Worker-7: Launching Executing clean in C__Users_Ismael_Desktop_Projeto Financas_Minhasfinancas] INFO  o.eclipse.m2e.core.internal.Bundles - getClasspathEntries(Bundle=org.eclipse.m2e.maven.runtime_3.8.604.20221130-2149 [776])
2023-05-13 17:33:13,996 [Worker-7: Launching Executing clean in C__Users_Ismael_Desktop_Projeto Financas_Minhasfinancas] INFO  o.eclipse.m2e.core.internal.Bundles - 	Entry: C:\Users\Ismael\Downloads\sts-4.16.0.RELEASE\plugins\org.eclipse.m2e.maven.runtime_3.8.604.20221130-2149
2023-05-13 17:33:13,997 [Worker-7: Launching Executing clean in C__Users_Ismael_Desktop_Projeto Financas_Minhasfinancas] INFO  o.eclipse.m2e.core.internal.Bundles - 	Entry: C:\Users\Ismael\Downloads\sts-4.16.0.RELEASE\plugins\org.eclipse.m2e.maven.runtime_3.8.604.20221130-2149\jars\aether-connector-okhttp-0.17.8.jar
2023-05-13 17:33:13,997 [Worker-7: Launching Executing clean in C__Users_Ismael_Desktop_Projeto Financas_Minhasfinancas] INFO  o.eclipse.m2e.core.internal.Bundles - 	Entry: C:\Users\Ismael\Downloads\sts-4.16.0.RELEASE\plugins\org.eclipse.m2e.maven.runtime_3.8.604.20221130-2149\jars\commons-cli-1.4.jar
2023-05-13 17:33:13,998 [Worker-7: Launching Executing clean in C__Users_Ismael_Desktop_Projeto Financas_Minhasfinancas] INFO  o.eclipse.m2e.core.internal.Bundles - 	Entry: C:\Users\Ismael\Downloads\sts-4.16.0.RELEASE\plugins\org.eclipse.m2e.maven.runtime_3.8.604.20221130-2149\jars\commons-io-2.6.jar
2023-05-13 17:33:13,998 [Worker-7: Launching Executing clean in C__Users_Ismael_Desktop_Projeto Financas_Minhasfinancas] INFO  o.eclipse.m2e.core.internal.Bundles - 	Entry: C:\Users\Ismael\Downloads\sts-4.16.0.RELEASE\plugins\org.eclipse.m2e.maven.runtime_3.8.604.20221130-2149\jars\commons-lang3-3.8.1.jar
2023-05-13 17:33:13,999 [Worker-7: Launching Executing clean in C__Users_Ismael_Desktop_Projeto Financas_Minhasfinancas] INFO  o.eclipse.m2e.core.internal.Bundles - 	Entry: C:\Users\Ismael\Downloads\sts-4.16.0.RELEASE\plugins\org.eclipse.m2e.maven.runtime_3.8.604.20221130-2149\jars\guice-4.2.2-no_aop.jar
2023-05-13 17:33:13,999 [Worker-7: Launching Executing clean in C__Users_Ismael_Desktop_Projeto Financas_Minhasfinancas] INFO  o.eclipse.m2e.core.internal.Bundles - 	Entry: C:\Users\Ismael\Downloads\sts-4.16.0.RELEASE\plugins\org.eclipse.m2e.maven.runtime_3.8.604.20221130-2149\jars\jansi-2.4.0.jar
2023-05-13 17:33:14,000 [Worker-7: Launching Executing clean in C__Users_Ismael_Desktop_Projeto Financas_Minhasfinancas] INFO  o.eclipse.m2e.core.internal.Bundles - 	Entry: C:\Users\Ismael\Downloads\sts-4.16.0.RELEASE\plugins\org.eclipse.m2e.maven.runtime_3.8.604.20221130-2149\jars\maven-artifact-3.8.6.jar
2023-05-13 17:33:14,000 [Worker-7: Launching Executing clean in C__Users_Ismael_Desktop_Projeto Financas_Minhasfinancas] INFO  o.eclipse.m2e.core.internal.Bundles - 	Entry: C:\Users\Ismael\Downloads\sts-4.16.0.RELEASE\plugins\org.eclipse.m2e.maven.runtime_3.8.604.20221130-2149\jars\maven-builder-support-3.8.6.jar
2023-05-13 17:33:14,000 [Worker-7: Launching Executing clean in C__Users_Ismael_Desktop_Projeto Financas_Minhasfinancas] INFO  o.eclipse.m2e.core.internal.Bundles - 	Entry: C:\Users\Ismael\Downloads\sts-4.16.0.RELEASE\plugins\org.eclipse.m2e.maven.runtime_3.8.604.20221130-2149\jars\maven-compat-3.8.6.jar
2023-05-13 17:33:14,001 [Worker-7: Launching Executing clean in C__Users_Ismael_Desktop_Projeto Financas_Minhasfinancas] INFO  o.eclipse.m2e.core.internal.Bundles - 	Entry: C:\Users\Ismael\Downloads\sts-4.16.0.RELEASE\plugins\org.eclipse.m2e.maven.runtime_3.8.604.20221130-2149\jars\maven-core-3.8.6.jar
2023-05-13 17:33:14,001 [Worker-7: Launching Executing clean in C__Users_Ismael_Desktop_Projeto Financas_Minhasfinancas] INFO  o.eclipse.m2e.core.internal.Bundles - 	Entry: C:\Users\Ismael\Downloads\sts-4.16.0.RELEASE\plugins\org.eclipse.m2e.maven.runtime_3.8.604.20221130-2149\jars\maven-embedder-3.8.6.jar
2023-05-13 17:33:14,002 [Worker-7: Launching Executing clean in C__Users_Ismael_Desktop_Projeto Financas_Minhasfinancas] INFO  o.eclipse.m2e.core.internal.Bundles - 	Entry: C:\Users\Ismael\Downloads\sts-4.16.0.RELEASE\plugins\org.eclipse.m2e.maven.runtime_3.8.604.20221130-2149\jars\maven-model-3.8.6.jar
2023-05-13 17:33:14,002 [Worker-7: Launching Executing clean in C__Users_Ismael_Desktop_Projeto Financas_Minhasfinancas] INFO  o.eclipse.m2e.core.internal.Bundles - 	Entry: C:\Users\Ismael\Downloads\sts-4.16.0.RELEASE\plugins\org.eclipse.m2e.maven.runtime_3.8.604.20221130-2149\jars\maven-model-builder-3.8.6.jar
2023-05-13 17:33:14,003 [Worker-7: Launching Executing clean in C__Users_Ismael_Desktop_Projeto Financas_Minhasfinancas] INFO  o.eclipse.m2e.core.internal.Bundles - 	Entry: C:\Users\Ismael\Downloads\sts-4.16.0.RELEASE\plugins\org.eclipse.m2e.maven.runtime_3.8.604.20221130-2149\jars\maven-plugin-api-3.8.6.jar
2023-05-13 17:33:14,003 [Worker-7: Launching Executing clean in C__Users_Ismael_Desktop_Projeto Financas_Minhasfinancas] INFO  o.eclipse.m2e.core.internal.Bundles - 	Entry: C:\Users\Ismael\Downloads\sts-4.16.0.RELEASE\plugins\org.eclipse.m2e.maven.runtime_3.8.604.20221130-2149\jars\maven-repository-metadata-3.8.6.jar
2023-05-13 17:33:14,004 [Worker-7: Launching Executing clean in C__Users_Ismael_Desktop_Projeto Financas_Minhasfinancas] INFO  o.eclipse.m2e.core.internal.Bundles - 	Entry: C:\Users\Ismael\Downloads\sts-4.16.0.RELEASE\plugins\org.eclipse.m2e.maven.runtime_3.8.604.20221130-2149\jars\maven-resolver-api-1.6.3.jar
2023-05-13 17:33:14,004 [Worker-7: Launching Executing clean in C__Users_Ismael_Desktop_Projeto Financas_Minhasfinancas] INFO  o.eclipse.m2e.core.internal.Bundles - 	Entry: C:\Users\Ismael\Downloads\sts-4.16.0.RELEASE\plugins\org.eclipse.m2e.maven.runtime_3.8.604.20221130-2149\jars\maven-resolver-connector-basic-1.6.3.jar
2023-05-13 17:33:14,004 [Worker-7: Launching Executing clean in C__Users_Ismael_Desktop_Projeto Financas_Minhasfinancas] INFO  o.eclipse.m2e.core.internal.Bundles - 	Entry: C:\Users\Ismael\Downloads\sts-4.16.0.RELEASE\plugins\org.eclipse.m2e.maven.runtime_3.8.604.20221130-2149\jars\maven-resolver-impl-1.6.3.jar
2023-05-13 17:33:14,005 [Worker-7: Launching Executing clean in C__Users_Ismael_Desktop_Projeto Financas_Minhasfinancas] INFO  o.eclipse.m2e.core.internal.Bundles - 	Entry: C:\Users\Ismael\Downloads\sts-4.16.0.RELEASE\plugins\org.eclipse.m2e.maven.runtime_3.8.604.20221130-2149\jars\maven-resolver-provider-3.8.6.jar
2023-05-13 17:33:14,005 [Worker-7: Launching Executing clean in C__Users_Ismael_Desktop_Projeto Financas_Minhasfinancas] INFO  o.eclipse.m2e.core.internal.Bundles - 	Entry: C:\Users\Ismael\Downloads\sts-4.16.0.RELEASE\plugins\org.eclipse.m2e.maven.runtime_3.8.604.20221130-2149\jars\maven-resolver-spi-1.6.3.jar
2023-05-13 17:33:14,006 [Worker-7: Launching Executing clean in C__Users_Ismael_Desktop_Projeto Financas_Minhasfinancas] INFO  o.eclipse.m2e.core.internal.Bundles - 	Entry: C:\Users\Ismael\Downloads\sts-4.16.0.RELEASE\plugins\org.eclipse.m2e.maven.runtime_3.8.604.20221130-2149\jars\maven-resolver-transport-wagon-1.6.3.jar
2023-05-13 17:33:14,006 [Worker-7: Launching Executing clean in C__Users_Ismael_Desktop_Projeto Financas_Minhasfinancas] INFO  o.eclipse.m2e.core.internal.Bundles - 	Entry: C:\Users\Ismael\Downloads\sts-4.16.0.RELEASE\plugins\org.eclipse.m2e.maven.runtime_3.8.604.20221130-2149\jars\maven-resolver-util-1.6.3.jar
2023-05-13 17:33:14,006 [Worker-7: Launching Executing clean in C__Users_Ismael_Desktop_Projeto Financas_Minhasfinancas] INFO  o.eclipse.m2e.core.internal.Bundles - 	Entry: C:\Users\Ismael\Downloads\sts-4.16.0.RELEASE\plugins\org.eclipse.m2e.maven.runtime_3.8.604.20221130-2149\jars\maven-settings-3.8.6.jar
2023-05-13 17:33:14,007 [Worker-7: Launching Executing clean in C__Users_Ismael_Desktop_Projeto Financas_Minhasfinancas] INFO  o.eclipse.m2e.core.internal.Bundles - 	Entry: C:\Users\Ismael\Downloads\sts-4.16.0.RELEASE\plugins\org.eclipse.m2e.maven.runtime_3.8.604.20221130-2149\jars\maven-settings-builder-3.8.6.jar
2023-05-13 17:33:14,007 [Worker-7: Launching Executing clean in C__Users_Ismael_Desktop_Projeto Financas_Minhasfinancas] INFO  o.eclipse.m2e.core.internal.Bundles - 	Entry: C:\Users\Ismael\Downloads\sts-4.16.0.RELEASE\plugins\org.eclipse.m2e.maven.runtime_3.8.604.20221130-2149\jars\maven-shared-utils-3.3.4.jar
2023-05-13 17:33:14,008 [Worker-7: Launching Executing clean in C__Users_Ismael_Desktop_Projeto Financas_Minhasfinancas] INFO  o.eclipse.m2e.core.internal.Bundles - 	Entry: C:\Users\Ismael\Downloads\sts-4.16.0.RELEASE\plugins\org.eclipse.m2e.maven.runtime_3.8.604.20221130-2149\jars\okhttp-3.14.1.jar
2023-05-13 17:33:14,008 [Worker-7: Launching Executing clean in C__Users_Ismael_Desktop_Projeto Financas_Minhasfinancas] INFO  o.eclipse.m2e.core.internal.Bundles - 	Entry: C:\Users\Ismael\Downloads\sts-4.16.0.RELEASE\plugins\org.eclipse.m2e.maven.runtime_3.8.604.20221130-2149\jars\okio-1.17.3.jar
2023-05-13 17:33:14,009 [Worker-7: Launching Executing clean in C__Users_Ismael_Desktop_Projeto Financas_Minhasfinancas] INFO  o.eclipse.m2e.core.internal.Bundles - 	Entry: C:\Users\Ismael\Downloads\sts-4.16.0.RELEASE\plugins\org.eclipse.m2e.maven.runtime_3.8.604.20221130-2149\jars\org.eclipse.sisu.inject-0.3.5.jar
2023-05-13 17:33:14,009 [Worker-7: Launching Executing clean in C__Users_Ismael_Desktop_Projeto Financas_Minhasfinancas] INFO  o.eclipse.m2e.core.internal.Bundles - 	Entry: C:\Users\Ismael\Downloads\sts-4.16.0.RELEASE\plugins\org.eclipse.m2e.maven.runtime_3.8.604.20221130-2149\jars\org.eclipse.sisu.plexus-0.3.5.jar
2023-05-13 17:33:14,010 [Worker-7: Launching Executing clean in C__Users_Ismael_Desktop_Projeto Financas_Minhasfinancas] INFO  o.eclipse.m2e.core.internal.Bundles - 	Entry: C:\Users\Ismael\Downloads\sts-4.16.0.RELEASE\plugins\org.eclipse.m2e.maven.runtime_3.8.604.20221130-2149\jars\plexus-build-api-0.0.7.jar
2023-05-13 17:33:14,010 [Worker-7: Launching Executing clean in C__Users_Ismael_Desktop_Projeto Financas_Minhasfinancas] INFO  o.eclipse.m2e.core.internal.Bundles - 	Entry: C:\Users\Ismael\Downloads\sts-4.16.0.RELEASE\plugins\org.eclipse.m2e.maven.runtime_3.8.604.20221130-2149\jars\plexus-cipher-2.0.jar
2023-05-13 17:33:14,010 [Worker-7: Launching Executing clean in C__Users_Ismael_Desktop_Projeto Financas_Minhasfinancas] INFO  o.eclipse.m2e.core.internal.Bundles - 	Entry: C:\Users\Ismael\Downloads\sts-4.16.0.RELEASE\plugins\org.eclipse.m2e.maven.runtime_3.8.604.20221130-2149\jars\plexus-classworlds-2.6.0.jar
2023-05-13 17:33:14,011 [Worker-7: Launching Executing clean in C__Users_Ismael_Desktop_Projeto Financas_Minhasfinancas] INFO  o.eclipse.m2e.core.internal.Bundles - 	Entry: C:\Users\Ismael\Downloads\sts-4.16.0.RELEASE\plugins\org.eclipse.m2e.maven.runtime_3.8.604.20221130-2149\jars\plexus-component-annotations-2.1.0.jar
2023-05-13 17:33:14,011 [Worker-7: Launching Executing clean in C__Users_Ismael_Desktop_Projeto Financas_Minhasfinancas] INFO  o.eclipse.m2e.core.internal.Bundles - 	Entry: C:\Users\Ismael\Downloads\sts-4.16.0.RELEASE\plugins\org.eclipse.m2e.maven.runtime_3.8.604.20221130-2149\jars\plexus-interpolation-1.26.jar
2023-05-13 17:33:14,012 [Worker-7: Launching Executing clean in C__Users_Ismael_Desktop_Projeto Financas_Minhasfinancas] INFO  o.eclipse.m2e.core.internal.Bundles - 	Entry: C:\Users\Ismael\Downloads\sts-4.16.0.RELEASE\plugins\org.eclipse.m2e.maven.runtime_3.8.604.20221130-2149\jars\plexus-sec-dispatcher-2.0.jar
2023-05-13 17:33:14,012 [Worker-7: Launching Executing clean in C__Users_Ismael_Desktop_Projeto Financas_Minhasfinancas] INFO  o.eclipse.m2e.core.internal.Bundles - 	Entry: C:\Users\Ismael\Downloads\sts-4.16.0.RELEASE\plugins\org.eclipse.m2e.maven.runtime_3.8.604.20221130-2149\jars\plexus-utils-3.3.1.jar
2023-05-13 17:33:14,013 [Worker-7: Launching Executing clean in C__Users_Ismael_Desktop_Projeto Financas_Minhasfinancas] INFO  o.eclipse.m2e.core.internal.Bundles - 	Entry: C:\Users\Ismael\Downloads\sts-4.16.0.RELEASE\plugins\org.eclipse.m2e.maven.runtime_3.8.604.20221130-2149\jars\wagon-file-3.5.1.jar
2023-05-13 17:33:14,013 [Worker-7: Launching Executing clean in C__Users_Ismael_Desktop_Projeto Financas_Minhasfinancas] INFO  o.eclipse.m2e.core.internal.Bundles - 	Entry: C:\Users\Ismael\Downloads\sts-4.16.0.RELEASE\plugins\org.eclipse.m2e.maven.runtime_3.8.604.20221130-2149\jars\wagon-provider-api-3.5.1.jar
2023-05-13 17:33:14,014 [Worker-7: Launching Executing clean in C__Users_Ismael_Desktop_Projeto Financas_Minhasfinancas] INFO  o.eclipse.m2e.core.internal.Bundles - getClasspathEntries(Bundle=com.google.guava_31.1.0.jre [964])
2023-05-13 17:33:14,016 [Worker-7: Launching Executing clean in C__Users_Ismael_Desktop_Projeto Financas_Minhasfinancas] INFO  o.eclipse.m2e.core.internal.Bundles - 	Entry: C:\Users\Ismael\Downloads\sts-4.16.0.RELEASE\plugins\com.google.guava_31.1.0.jre.jar
2023-05-13 17:33:14,016 [Worker-7: Launching Executing clean in C__Users_Ismael_Desktop_Projeto Financas_Minhasfinancas] INFO  o.eclipse.m2e.core.internal.Bundles - getClasspathEntries(Bundle=slf4j.api_1.7.36 [925])
2023-05-13 17:33:14,017 [Worker-7: Launching Executing clean in C__Users_Ismael_Desktop_Projeto Financas_Minhasfinancas] INFO  o.eclipse.m2e.core.internal.Bundles - 	Entry: C:\Users\Ismael\Downloads\sts-4.16.0.RELEASE\plugins\slf4j.api_1.7.36.jar
2023-05-13 17:33:14,017 [Worker-7: Launching Executing clean in C__Users_Ismael_Desktop_Projeto Financas_Minhasfinancas] INFO  o.eclipse.m2e.core.internal.Bundles - getClasspathEntries(Bundle=javax.inject_1.0.0.v20220405-0441 [48])
2023-05-13 17:33:14,019 [Worker-7: Launching Executing clean in C__Users_Ismael_Desktop_Projeto Financas_Minhasfinancas] INFO  o.eclipse.m2e.core.internal.Bundles - 	Entry: C:\Users\Ismael\Downloads\sts-4.16.0.RELEASE\plugins\javax.inject_1.0.0.v20220405-0441.jar
2023-05-13 17:33:14,019 [Worker-7: Launching Executing clean in C__Users_Ismael_Desktop_Projeto Financas_Minhasfinancas] INFO  o.eclipse.m2e.core.internal.Bundles - getClasspathEntries(Bundle=javax.annotation_1.3.5.v20221112-0806 [615])
2023-05-13 17:33:14,020 [Worker-7: Launching Executing clean in C__Users_Ismael_Desktop_Projeto Financas_Minhasfinancas] INFO  o.eclipse.m2e.core.internal.Bundles - 	Entry: C:\Users\Ismael\Downloads\sts-4.16.0.RELEASE\plugins\javax.annotation_1.3.5.v20221112-0806.jar
2023-05-13 17:33:14,021 [Worker-7: Launching Executing clean in C__Users_Ismael_Desktop_Projeto Financas_Minhasfinancas] INFO  o.eclipse.m2e.core.internal.Bundles - getClasspathEntries(Bundle=com.google.guava.failureaccess_1.0.1 [965])
2023-05-13 17:33:14,022 [Worker-7: Launching Executing clean in C__Users_Ismael_Desktop_Projeto Financas_Minhasfinancas] INFO  o.eclipse.m2e.core.internal.Bundles - 	Entry: C:\Users\Ismael\Downloads\sts-4.16.0.RELEASE\plugins\com.google.guava.failureaccess_1.0.1.jar
2023-05-13 17:33:14,026 [Worker-7: Launching Executing clean in C__Users_Ismael_Desktop_Projeto Financas_Minhasfinancas] INFO  o.e.m.i.launch.MavenLaunchDelegate - Run build in "C:\Users\Ismael\Desktop\Projeto Financas\Minhasfinancas":
2023-05-13 17:33:14,030 [Worker-7: Launching Executing clean in C__Users_Ismael_Desktop_Projeto Financas_Minhasfinancas] INFO  o.e.m.i.launch.MavenLaunchDelegate -  mvn  -B -Dstyle.color=always clean
2023-05-13 17:33:28,813 [Worker-4: Launching Executing install in C__Users_Ismael_Desktop_Projeto Financas_Minhasfinancas] INFO  o.e.m.i.launch.MavenLaunchDelegate - Run build in "C:\Users\Ismael\Desktop\Projeto Financas\Minhasfinancas":
2023-05-13 17:33:28,814 [Worker-4: Launching Executing install in C__Users_Ismael_Desktop_Projeto Financas_Minhasfinancas] INFO  o.e.m.i.launch.MavenLaunchDelegate -  mvn  -B -Dstyle.color=always install
2023-05-13 17:34:35,581 [Worker-0: Launching Executing install in C__Users_Ismael_Desktop_Projeto Financas_Minhasfinancas] INFO  o.e.m.i.launch.MavenLaunchDelegate - Run build in "C:\Users\Ismael\Desktop\Projeto Financas\Minhasfinancas":
2023-05-13 17:34:35,581 [Worker-0: Launching Executing install in C__Users_Ismael_Desktop_Projeto Financas_Minhasfinancas] INFO  o.e.m.i.launch.MavenLaunchDelegate -  mvn  -B -Dstyle.color=always install
2023-05-13 17:43:03,141 [Worker-15: Building] INFO  o.e.m.c.i.l.LifecycleMappingFactory - Using org.eclipse.m2e.jdt.JarLifecycleMapping lifecycle mapping for MavenProject: com.dsantos:minhasfinancas:0.0.1-SNAPSHOT @ C:\Users\Ismael\Desktop\Projeto Financas\Minhasfinancas\pom.xml.
2023-05-13 17:43:04,318 [Worker-15: Building] INFO  o.e.m.c.i.embedder.EclipseLogger - Using 'UTF-8' encoding to copy filtered resources.
2023-05-13 17:43:04,327 [Worker-15: Building] INFO  o.e.m.c.i.embedder.EclipseLogger - Copying 1 resource
2023-05-13 17:43:04,348 [Worker-15: Building] INFO  o.e.m.c.i.embedder.EclipseLogger - Copying 0 resource
2023-05-13 17:43:04,354 [Worker-15: Building] INFO  o.e.m.c.i.embedder.EclipseLogger - Using 'UTF-8' encoding to copy filtered resources.
2023-05-13 17:43:04,355 [Worker-15: Building] INFO  o.e.m.c.i.embedder.EclipseLogger - skip non existing resourceDirectory C:\Users\Ismael\Desktop\Projeto Financas\Minhasfinancas\src\test\resources
2023-05-13 17:43:06,657 [Worker-21: Building] INFO  o.e.m.c.i.embedder.EclipseLogger - Using 'UTF-8' encoding to copy filtered resources.
2023-05-13 17:43:06,659 [Worker-21: Building] INFO  o.e.m.c.i.embedder.EclipseLogger - Copying 2 resources
2023-05-13 17:43:06,663 [Worker-21: Building] INFO  o.e.m.c.i.embedder.EclipseLogger - Copying 0 resource
2023-05-13 17:43:06,670 [Worker-21: Building] INFO  o.e.m.c.i.embedder.EclipseLogger - Using 'UTF-8' encoding to copy filtered resources.
2023-05-13 17:43:06,670 [Worker-21: Building] INFO  o.e.m.c.i.embedder.EclipseLogger - skip non existing resourceDirectory C:\Users\Ismael\Desktop\Projeto Financas\Minhasfinancas\src\test\resources
2023-05-13 17:59:23,182 [Worker-28: Building] INFO  o.e.m.c.i.l.LifecycleMappingFactory - Using org.eclipse.m2e.jdt.JarLifecycleMapping lifecycle mapping for MavenProject: com.dsantos:minhasfinancas:0.0.1-SNAPSHOT @ C:\Users\Ismael\Desktop\Projeto Financas\Minhasfinancas\pom.xml.
2023-05-13 17:59:24,204 [Worker-28: Building] INFO  o.e.m.c.i.embedder.EclipseLogger - Using 'UTF-8' encoding to copy filtered resources.
2023-05-13 17:59:24,207 [Worker-28: Building] INFO  o.e.m.c.i.embedder.EclipseLogger - Copying 0 resource
2023-05-13 17:59:24,208 [Worker-28: Building] INFO  o.e.m.c.i.embedder.EclipseLogger - Copying 0 resource
2023-05-13 17:59:24,215 [Worker-28: Building] INFO  o.e.m.c.i.embedder.EclipseLogger - Using 'UTF-8' encoding to copy filtered resources.
2023-05-13 17:59:24,215 [Worker-28: Building] INFO  o.e.m.c.i.embedder.EclipseLogger - skip non existing resourceDirectory C:\Users\Ismael\Desktop\Projeto Financas\Minhasfinancas\src\test\resources
2023-05-13 17:59:25,111 [Worker-36: Download sources and javadoc] INFO  o.e.m.c.i.e.AbstractTransferListenerAdapter - Downloading https://repo.maven.apache.org/maven2/org/mockito/mockito-core/3.12.4/mockito-core-3.12.4-sources.jar
2023-05-13 17:59:25,265 [Worker-36: Download sources and javadoc] INFO  o.e.m.c.i.e.AbstractTransferListenerAdapter - Downloaded https://repo.maven.apache.org/maven2/org/mockito/mockito-core/3.12.4/mockito-core-3.12.4-sources.jar
2023-05-13 17:59:25,270 [Worker-36: Download sources and javadoc] INFO  o.e.m.j.internal.DownloadSourcesJob - Downloaded sources for org.mockito:mockito-core:3.12.4
2023-05-13 17:59:26,284 [Worker-27: Building] INFO  o.e.m.c.i.embedder.EclipseLogger - Using 'UTF-8' encoding to copy filtered resources.
2023-05-13 17:59:26,285 [Worker-27: Building] INFO  o.e.m.c.i.embedder.EclipseLogger - Copying 2 resources
2023-05-13 17:59:26,303 [Worker-27: Building] INFO  o.e.m.c.i.embedder.EclipseLogger - Copying 0 resource
2023-05-13 17:59:26,307 [Worker-27: Building] INFO  o.e.m.c.i.embedder.EclipseLogger - Using 'UTF-8' encoding to copy filtered resources.
2023-05-13 17:59:26,308 [Worker-27: Building] INFO  o.e.m.c.i.embedder.EclipseLogger - skip non existing resourceDirectory C:\Users\Ismael\Desktop\Projeto Financas\Minhasfinancas\src\test\resources
2023-05-13 17:59:58,136 [Worker-35: Launching Executing clean in C__Users_Ismael_Desktop_Projeto Financas_Minhasfinancas] INFO  o.e.m.i.launch.MavenLaunchDelegate - Run build in "C:\Users\Ismael\Desktop\Projeto Financas\Minhasfinancas":
2023-05-13 17:59:58,136 [Worker-35: Launching Executing clean in C__Users_Ismael_Desktop_Projeto Financas_Minhasfinancas] INFO  o.e.m.i.launch.MavenLaunchDelegate -  mvn  -B -Dstyle.color=always clean
2023-05-13 18:00:01,536 [Worker-28: Building] INFO  o.e.m.c.i.embedder.EclipseLogger - Using 'UTF-8' encoding to copy filtered resources.
2023-05-13 18:00:01,538 [Worker-28: Building] INFO  o.e.m.c.i.embedder.EclipseLogger - Copying 2 resources
2023-05-13 18:00:01,541 [Worker-28: Building] INFO  o.e.m.c.i.embedder.EclipseLogger - Copying 0 resource
2023-05-13 18:00:01,545 [Worker-28: Building] INFO  o.e.m.c.i.embedder.EclipseLogger - Using 'UTF-8' encoding to copy filtered resources.
2023-05-13 18:00:01,545 [Worker-28: Building] INFO  o.e.m.c.i.embedder.EclipseLogger - skip non existing resourceDirectory C:\Users\Ismael\Desktop\Projeto Financas\Minhasfinancas\src\test\resources
2023-05-13 18:00:05,647 [Worker-36: Launching Executing install in C__Users_Ismael_Desktop_Projeto Financas_Minhasfinancas] INFO  o.e.m.i.launch.MavenLaunchDelegate - Run build in "C:\Users\Ismael\Desktop\Projeto Financas\Minhasfinancas":
2023-05-13 18:00:05,647 [Worker-36: Launching Executing install in C__Users_Ismael_Desktop_Projeto Financas_Minhasfinancas] INFO  o.e.m.i.launch.MavenLaunchDelegate -  mvn  -B -Dstyle.color=always install
2023-05-13 18:00:31,829 [Worker-37: Building] INFO  o.e.m.c.i.embedder.EclipseLogger - Using 'UTF-8' encoding to copy filtered resources.
2023-05-13 18:00:31,830 [Worker-37: Building] INFO  o.e.m.c.i.embedder.EclipseLogger - Copying 2 resources
2023-05-13 18:00:31,834 [Worker-37: Building] INFO  o.e.m.c.i.embedder.EclipseLogger - Copying 0 resource
2023-05-13 18:00:31,838 [Worker-37: Building] INFO  o.e.m.c.i.embedder.EclipseLogger - Using 'UTF-8' encoding to copy filtered resources.
2023-05-13 18:00:31,838 [Worker-37: Building] INFO  o.e.m.c.i.embedder.EclipseLogger - skip non existing resourceDirectory C:\Users\Ismael\Desktop\Projeto Financas\Minhasfinancas\src\test\resources
2023-05-13 18:01:06,685 [Worker-35: Launching Executing clean in C__Users_Ismael_Desktop_Projeto Financas_Minhasfinancas] INFO  o.e.m.i.launch.MavenLaunchDelegate - Run build in "C:\Users\Ismael\Desktop\Projeto Financas\Minhasfinancas":
2023-05-13 18:01:06,685 [Worker-35: Launching Executing clean in C__Users_Ismael_Desktop_Projeto Financas_Minhasfinancas] INFO  o.e.m.i.launch.MavenLaunchDelegate -  mvn  -B -Dstyle.color=always clean
2023-05-13 18:01:10,158 [Worker-40: Building] INFO  o.e.m.c.i.embedder.EclipseLogger - Using 'UTF-8' encoding to copy filtered resources.
2023-05-13 18:01:10,159 [Worker-40: Building] INFO  o.e.m.c.i.embedder.EclipseLogger - Copying 2 resources
2023-05-13 18:01:10,163 [Worker-40: Building] INFO  o.e.m.c.i.embedder.EclipseLogger - Copying 0 resource
2023-05-13 18:01:10,167 [Worker-40: Building] INFO  o.e.m.c.i.embedder.EclipseLogger - Using 'UTF-8' encoding to copy filtered resources.
2023-05-13 18:01:10,167 [Worker-40: Building] INFO  o.e.m.c.i.embedder.EclipseLogger - skip non existing resourceDirectory C:\Users\Ismael\Desktop\Projeto Financas\Minhasfinancas\src\test\resources
